2025-01-20T12:45:38.430-05:00  INFO 58214 --- [SpringFinalProject] [main] c.e.S.SpringFinalProjectApplication      : Starting SpringFinalProjectApplication using Java 20.0.1 with PID 58214 (/Users/raghavsharma/Development/SpringBootPeachez /SpringFinalProject/target/classes started by raghavsharma in /Users/raghavsharma/Development/SpringBootPeachez /SpringFinalProject)
2025-01-20T12:45:38.432-05:00  INFO 58214 --- [SpringFinalProject] [main] c.e.S.SpringFinalProjectApplication      : No active profile set, falling back to 1 default profile: "default"
2025-01-20T12:45:38.912-05:00  INFO 58214 --- [SpringFinalProject] [main] .s.d.r.c.RepositoryConfigurationDelegate : Bootstrapping Spring Data JPA repositories in DEFAULT mode.
2025-01-20T12:45:38.948-05:00  INFO 58214 --- [SpringFinalProject] [main] .s.d.r.c.RepositoryConfigurationDelegate : Finished Spring Data repository scanning in 29 ms. Found 2 JPA repository interfaces.
2025-01-20T12:45:39.398-05:00  INFO 58214 --- [SpringFinalProject] [main] o.s.b.w.embedded.tomcat.TomcatWebServer  : Tomcat initialized with port 8080 (http)
2025-01-20T12:45:39.404-05:00  INFO 58214 --- [SpringFinalProject] [main] o.apache.catalina.core.StandardService   : Starting service [Tomcat]
2025-01-20T12:45:39.404-05:00  INFO 58214 --- [SpringFinalProject] [main] o.apache.catalina.core.StandardEngine    : Starting Servlet engine: [Apache Tomcat/10.1.34]
2025-01-20T12:45:39.424-05:00  INFO 58214 --- [SpringFinalProject] [main] o.a.c.c.C.[Tomcat].[localhost].[/]       : Initializing Spring embedded WebApplicationContext
2025-01-20T12:45:39.425-05:00  INFO 58214 --- [SpringFinalProject] [main] w.s.c.ServletWebServerApplicationContext : Root WebApplicationContext: initialization completed in 973 ms
2025-01-20T12:45:39.599-05:00  INFO 58214 --- [SpringFinalProject] [main] o.hibernate.jpa.internal.util.LogHelper  : HHH000204: Processing PersistenceUnitInfo [name: default]
2025-01-20T12:45:39.630-05:00  INFO 58214 --- [SpringFinalProject] [main] org.hibernate.Version                    : HHH000412: Hibernate ORM core version 6.6.4.Final
2025-01-20T12:45:39.648-05:00  INFO 58214 --- [SpringFinalProject] [main] o.h.c.internal.RegionFactoryInitiator    : HHH000026: Second-level cache disabled
2025-01-20T12:45:39.775-05:00  INFO 58214 --- [SpringFinalProject] [main] o.s.o.j.p.SpringPersistenceUnitInfo      : No LoadTimeWeaver setup: ignoring JPA class transformer
2025-01-20T12:45:39.789-05:00  INFO 58214 --- [SpringFinalProject] [main] com.zaxxer.hikari.HikariDataSource       : HikariPool-1 - Starting...
2025-01-20T12:45:40.018-05:00  INFO 58214 --- [SpringFinalProject] [main] com.zaxxer.hikari.pool.HikariPool        : HikariPool-1 - Added connection com.mysql.cj.jdbc.ConnectionImpl@9825465
2025-01-20T12:45:40.019-05:00  INFO 58214 --- [SpringFinalProject] [main] com.zaxxer.hikari.HikariDataSource       : HikariPool-1 - Start completed.
2025-01-20T12:45:40.070-05:00  INFO 58214 --- [SpringFinalProject] [main] org.hibernate.orm.connections.pooling    : HHH10001005: Database info:
	Database JDBC URL [Connecting through datasource 'HikariDataSource (HikariPool-1)']
	Database driver: undefined/unknown
	Database version: 9.1
	Autocommit mode: undefined/unknown
	Isolation level: undefined/unknown
	Minimum pool size: undefined/unknown
	Maximum pool size: undefined/unknown
2025-01-20T12:45:40.492-05:00  INFO 58214 --- [SpringFinalProject] [main] o.h.e.t.j.p.i.JtaPlatformInitiator       : HHH000489: No JTA platform available (set 'hibernate.transaction.jta.platform' to enable JTA platform integration)
2025-01-20T12:45:40.548-05:00  INFO 58214 --- [SpringFinalProject] [main] j.LocalContainerEntityManagerFactoryBean : Initialized JPA EntityManagerFactory for persistence unit 'default'
2025-01-20T12:45:40.705-05:00  INFO 58214 --- [SpringFinalProject] [main] o.s.d.j.r.query.QueryEnhancerFactory     : Hibernate is in classpath; If applicable, HQL parser will be used.
2025-01-20T12:45:40.987-05:00  WARN 58214 --- [SpringFinalProject] [main] JpaBaseConfiguration$JpaWebConfiguration : spring.jpa.open-in-view is enabled by default. Therefore, database queries may be performed during view rendering. Explicitly configure spring.jpa.open-in-view to disable this warning
2025-01-20T12:45:41.034-05:00  INFO 58214 --- [SpringFinalProject] [main] r$InitializeUserDetailsManagerConfigurer : Global AuthenticationManager configured with UserDetailsService bean with name customUserDetailsService
2025-01-20T12:45:41.365-05:00  INFO 58214 --- [SpringFinalProject] [main] o.s.b.a.e.web.EndpointLinksResolver      : Exposing 1 endpoint beneath base path '/actuator'
2025-01-20T12:45:41.432-05:00 DEBUG 58214 --- [SpringFinalProject] [main] o.s.s.web.DefaultSecurityFilterChain     : Will secure any request with filters: DisableEncodeUrlFilter, WebAsyncManagerIntegrationFilter, SecurityContextHolderFilter, HeaderWriterFilter, LogoutFilter, JwtAuthenticationFilter, RequestCacheAwareFilter, SecurityContextHolderAwareRequestFilter, AnonymousAuthenticationFilter, ExceptionTranslationFilter, AuthorizationFilter
2025-01-20T12:45:41.786-05:00  INFO 58214 --- [SpringFinalProject] [main] o.s.b.w.embedded.tomcat.TomcatWebServer  : Tomcat started on port 8080 (http) with context path '/'
2025-01-20T12:45:41.798-05:00  INFO 58214 --- [SpringFinalProject] [main] c.e.S.SpringFinalProjectApplication      : Started SpringFinalProjectApplication in 3.577 seconds (process running for 3.985)
2025-01-20T12:45:41.939-05:00  INFO 58214 --- [SpringFinalProject] [RMI TCP Connection(2)-127.0.0.1] o.a.c.c.C.[Tomcat].[localhost].[/]       : Initializing Spring DispatcherServlet 'dispatcherServlet'
2025-01-20T12:45:41.940-05:00  INFO 58214 --- [SpringFinalProject] [RMI TCP Connection(2)-127.0.0.1] o.s.web.servlet.DispatcherServlet        : Initializing Servlet 'dispatcherServlet'
2025-01-20T12:45:41.941-05:00  INFO 58214 --- [SpringFinalProject] [RMI TCP Connection(2)-127.0.0.1] o.s.web.servlet.DispatcherServlet        : Completed initialization in 1 ms
2025-01-20T12:45:54.008-05:00 DEBUG 58214 --- [SpringFinalProject] [http-nio-8080-exec-1] o.s.security.web.FilterChainProxy        : Securing POST /userlogin
2025-01-20T12:45:54.034-05:00 DEBUG 58214 --- [SpringFinalProject] [http-nio-8080-exec-1] o.s.security.web.FilterChainProxy        : Secured POST /userlogin
2025-01-20T12:45:54.295-05:00 DEBUG 58214 --- [SpringFinalProject] [http-nio-8080-exec-1] o.s.s.a.dao.DaoAuthenticationProvider    : Authenticated user
2025-01-20T12:45:54.296-05:00 DEBUG 58214 --- [SpringFinalProject] [http-nio-8080-exec-1] o.s.s.w.a.AnonymousAuthenticationFilter  : Set SecurityContextHolder to anonymous SecurityContext
2025-01-20T12:46:05.146-05:00 DEBUG 58214 --- [SpringFinalProject] [http-nio-8080-exec-3] o.s.security.web.FilterChainProxy        : Securing DELETE /deleteuser/Temp
2025-01-20T12:46:05.183-05:00 DEBUG 58214 --- [SpringFinalProject] [http-nio-8080-exec-3] o.s.security.web.FilterChainProxy        : Secured DELETE /deleteuser/Temp
2025-01-20T12:46:05.191-05:00 DEBUG 58214 --- [SpringFinalProject] [http-nio-8080-exec-3] horizationManagerBeforeMethodInterceptor : Authorizing method invocation ReflectiveMethodInvocation: public org.springframework.http.ResponseEntity com.example.SpringFinalProject.security.UserController.deleteUser(java.lang.String); target is of class [com.example.SpringFinalProject.security.UserController]
2025-01-20T12:46:05.212-05:00 DEBUG 58214 --- [SpringFinalProject] [http-nio-8080-exec-3] horizationManagerBeforeMethodInterceptor : Authorized method invocation ReflectiveMethodInvocation: public org.springframework.http.ResponseEntity com.example.SpringFinalProject.security.UserController.deleteUser(java.lang.String); target is of class [com.example.SpringFinalProject.security.UserController]
2025-01-20T12:46:05.212-05:00  INFO 58214 --- [SpringFinalProject] [http-nio-8080-exec-3] c.e.S.s.services.DeleteUserService       : Executingclass com.example.SpringFinalProject.security.services.DeleteUserService input: Temp
2025-01-20T12:46:05.226-05:00 ERROR 58214 --- [SpringFinalProject] [http-nio-8080-exec-3] c.e.S.e.CustomerNotFoundException        : Exception class com.example.SpringFinalProject.exceptions.CustomerNotFoundException thrown
2025-01-20T12:46:05.234-05:00 DEBUG 58214 --- [SpringFinalProject] [http-nio-8080-exec-3] o.s.security.web.FilterChainProxy        : Securing DELETE /error
2025-01-20T12:46:05.235-05:00 DEBUG 58214 --- [SpringFinalProject] [http-nio-8080-exec-3] o.s.security.web.FilterChainProxy        : Secured DELETE /error
2025-01-20T12:46:05.240-05:00 DEBUG 58214 --- [SpringFinalProject] [http-nio-8080-exec-3] o.s.s.w.a.AnonymousAuthenticationFilter  : Set SecurityContextHolder to anonymous SecurityContext
2025-01-20T12:46:19.407-05:00 DEBUG 58214 --- [SpringFinalProject] [http-nio-8080-exec-4] o.s.security.web.FilterChainProxy        : Securing POST /userlogin
2025-01-20T12:46:19.412-05:00 DEBUG 58214 --- [SpringFinalProject] [http-nio-8080-exec-4] o.s.security.web.FilterChainProxy        : Secured POST /userlogin
2025-01-20T12:46:19.536-05:00 DEBUG 58214 --- [SpringFinalProject] [http-nio-8080-exec-4] o.s.s.a.dao.DaoAuthenticationProvider    : Authenticated user
2025-01-20T12:46:19.537-05:00 DEBUG 58214 --- [SpringFinalProject] [http-nio-8080-exec-4] o.s.s.w.a.AnonymousAuthenticationFilter  : Set SecurityContextHolder to anonymous SecurityContext
2025-01-20T12:46:37.313-05:00  INFO 58214 --- [SpringFinalProject] [SpringApplicationShutdownHook] o.s.b.w.e.tomcat.GracefulShutdown        : Commencing graceful shutdown. Waiting for active requests to complete
2025-01-20T12:46:37.320-05:00  INFO 58214 --- [SpringFinalProject] [tomcat-shutdown] o.s.b.w.e.tomcat.GracefulShutdown        : Graceful shutdown complete
2025-01-20T12:46:37.327-05:00  INFO 58214 --- [SpringFinalProject] [SpringApplicationShutdownHook] j.LocalContainerEntityManagerFactoryBean : Closing JPA EntityManagerFactory for persistence unit 'default'
2025-01-20T12:46:37.331-05:00  INFO 58214 --- [SpringFinalProject] [SpringApplicationShutdownHook] com.zaxxer.hikari.HikariDataSource       : HikariPool-1 - Shutdown initiated...
2025-01-20T12:46:37.337-05:00  INFO 58214 --- [SpringFinalProject] [SpringApplicationShutdownHook] com.zaxxer.hikari.HikariDataSource       : HikariPool-1 - Shutdown completed.
2025-01-20T12:47:26.939-05:00  INFO 58262 --- [SpringFinalProject] [main] c.e.S.SpringFinalProjectApplication      : Starting SpringFinalProjectApplication using Java 20.0.1 with PID 58262 (/Users/raghavsharma/Development/SpringBootPeachez /SpringFinalProject/target/classes started by raghavsharma in /Users/raghavsharma/Development/SpringBootPeachez /SpringFinalProject)
2025-01-20T12:47:26.940-05:00  INFO 58262 --- [SpringFinalProject] [main] c.e.S.SpringFinalProjectApplication      : No active profile set, falling back to 1 default profile: "default"
2025-01-20T12:47:27.422-05:00  INFO 58262 --- [SpringFinalProject] [main] .s.d.r.c.RepositoryConfigurationDelegate : Bootstrapping Spring Data JPA repositories in DEFAULT mode.
2025-01-20T12:47:27.447-05:00  INFO 58262 --- [SpringFinalProject] [main] .s.d.r.c.RepositoryConfigurationDelegate : Finished Spring Data repository scanning in 21 ms. Found 2 JPA repository interfaces.
2025-01-20T12:47:27.854-05:00  INFO 58262 --- [SpringFinalProject] [main] o.s.b.w.embedded.tomcat.TomcatWebServer  : Tomcat initialized with port 8080 (http)
2025-01-20T12:47:27.860-05:00  INFO 58262 --- [SpringFinalProject] [main] o.apache.catalina.core.StandardService   : Starting service [Tomcat]
2025-01-20T12:47:27.860-05:00  INFO 58262 --- [SpringFinalProject] [main] o.apache.catalina.core.StandardEngine    : Starting Servlet engine: [Apache Tomcat/10.1.34]
2025-01-20T12:47:27.879-05:00  INFO 58262 --- [SpringFinalProject] [main] o.a.c.c.C.[Tomcat].[localhost].[/]       : Initializing Spring embedded WebApplicationContext
2025-01-20T12:47:27.879-05:00  INFO 58262 --- [SpringFinalProject] [main] w.s.c.ServletWebServerApplicationContext : Root WebApplicationContext: initialization completed in 921 ms
2025-01-20T12:47:28.056-05:00  INFO 58262 --- [SpringFinalProject] [main] o.hibernate.jpa.internal.util.LogHelper  : HHH000204: Processing PersistenceUnitInfo [name: default]
2025-01-20T12:47:28.087-05:00  INFO 58262 --- [SpringFinalProject] [main] org.hibernate.Version                    : HHH000412: Hibernate ORM core version 6.6.4.Final
2025-01-20T12:47:28.104-05:00  INFO 58262 --- [SpringFinalProject] [main] o.h.c.internal.RegionFactoryInitiator    : HHH000026: Second-level cache disabled
2025-01-20T12:47:28.220-05:00  INFO 58262 --- [SpringFinalProject] [main] o.s.o.j.p.SpringPersistenceUnitInfo      : No LoadTimeWeaver setup: ignoring JPA class transformer
2025-01-20T12:47:28.234-05:00  INFO 58262 --- [SpringFinalProject] [main] com.zaxxer.hikari.HikariDataSource       : HikariPool-1 - Starting...
2025-01-20T12:47:28.390-05:00  INFO 58262 --- [SpringFinalProject] [main] com.zaxxer.hikari.pool.HikariPool        : HikariPool-1 - Added connection com.mysql.cj.jdbc.ConnectionImpl@2e7517aa
2025-01-20T12:47:28.391-05:00  INFO 58262 --- [SpringFinalProject] [main] com.zaxxer.hikari.HikariDataSource       : HikariPool-1 - Start completed.
2025-01-20T12:47:28.438-05:00  INFO 58262 --- [SpringFinalProject] [main] org.hibernate.orm.connections.pooling    : HHH10001005: Database info:
	Database JDBC URL [Connecting through datasource 'HikariDataSource (HikariPool-1)']
	Database driver: undefined/unknown
	Database version: 9.1
	Autocommit mode: undefined/unknown
	Isolation level: undefined/unknown
	Minimum pool size: undefined/unknown
	Maximum pool size: undefined/unknown
2025-01-20T12:47:28.838-05:00  INFO 58262 --- [SpringFinalProject] [main] o.h.e.t.j.p.i.JtaPlatformInitiator       : HHH000489: No JTA platform available (set 'hibernate.transaction.jta.platform' to enable JTA platform integration)
2025-01-20T12:47:28.889-05:00  INFO 58262 --- [SpringFinalProject] [main] j.LocalContainerEntityManagerFactoryBean : Initialized JPA EntityManagerFactory for persistence unit 'default'
2025-01-20T12:47:29.045-05:00  INFO 58262 --- [SpringFinalProject] [main] o.s.d.j.r.query.QueryEnhancerFactory     : Hibernate is in classpath; If applicable, HQL parser will be used.
2025-01-20T12:47:29.317-05:00  WARN 58262 --- [SpringFinalProject] [main] JpaBaseConfiguration$JpaWebConfiguration : spring.jpa.open-in-view is enabled by default. Therefore, database queries may be performed during view rendering. Explicitly configure spring.jpa.open-in-view to disable this warning
2025-01-20T12:47:29.356-05:00  INFO 58262 --- [SpringFinalProject] [main] r$InitializeUserDetailsManagerConfigurer : Global AuthenticationManager configured with UserDetailsService bean with name customUserDetailsService
2025-01-20T12:47:29.688-05:00  INFO 58262 --- [SpringFinalProject] [main] o.s.b.a.e.web.EndpointLinksResolver      : Exposing 1 endpoint beneath base path '/actuator'
2025-01-20T12:47:29.755-05:00 DEBUG 58262 --- [SpringFinalProject] [main] o.s.s.web.DefaultSecurityFilterChain     : Will secure any request with filters: DisableEncodeUrlFilter, WebAsyncManagerIntegrationFilter, SecurityContextHolderFilter, HeaderWriterFilter, LogoutFilter, JwtAuthenticationFilter, RequestCacheAwareFilter, SecurityContextHolderAwareRequestFilter, AnonymousAuthenticationFilter, ExceptionTranslationFilter, AuthorizationFilter
2025-01-20T12:47:30.096-05:00  INFO 58262 --- [SpringFinalProject] [main] o.s.b.w.embedded.tomcat.TomcatWebServer  : Tomcat started on port 8080 (http) with context path '/'
2025-01-20T12:47:30.108-05:00  INFO 58262 --- [SpringFinalProject] [main] c.e.S.SpringFinalProjectApplication      : Started SpringFinalProjectApplication in 3.348 seconds (process running for 3.674)
2025-01-20T12:47:30.214-05:00  INFO 58262 --- [SpringFinalProject] [RMI TCP Connection(3)-127.0.0.1] o.a.c.c.C.[Tomcat].[localhost].[/]       : Initializing Spring DispatcherServlet 'dispatcherServlet'
2025-01-20T12:47:30.214-05:00  INFO 58262 --- [SpringFinalProject] [RMI TCP Connection(3)-127.0.0.1] o.s.web.servlet.DispatcherServlet        : Initializing Servlet 'dispatcherServlet'
2025-01-20T12:47:30.215-05:00  INFO 58262 --- [SpringFinalProject] [RMI TCP Connection(3)-127.0.0.1] o.s.web.servlet.DispatcherServlet        : Completed initialization in 1 ms
2025-01-20T12:47:32.774-05:00 DEBUG 58262 --- [SpringFinalProject] [http-nio-8080-exec-2] o.s.security.web.FilterChainProxy        : Securing POST /userlogin
2025-01-20T12:47:32.786-05:00 DEBUG 58262 --- [SpringFinalProject] [http-nio-8080-exec-2] o.s.security.web.FilterChainProxy        : Secured POST /userlogin
2025-01-20T12:47:33.024-05:00 DEBUG 58262 --- [SpringFinalProject] [http-nio-8080-exec-2] o.s.s.a.dao.DaoAuthenticationProvider    : Authenticated user
2025-01-20T12:47:33.025-05:00 DEBUG 58262 --- [SpringFinalProject] [http-nio-8080-exec-2] o.s.s.w.a.AnonymousAuthenticationFilter  : Set SecurityContextHolder to anonymous SecurityContext
2025-01-20T12:47:41.720-05:00  INFO 58262 --- [SpringFinalProject] [SpringApplicationShutdownHook] o.s.b.w.e.tomcat.GracefulShutdown        : Commencing graceful shutdown. Waiting for active requests to complete
2025-01-20T12:47:41.729-05:00  INFO 58262 --- [SpringFinalProject] [tomcat-shutdown] o.s.b.w.e.tomcat.GracefulShutdown        : Graceful shutdown complete
2025-01-20T12:47:41.741-05:00  INFO 58262 --- [SpringFinalProject] [SpringApplicationShutdownHook] j.LocalContainerEntityManagerFactoryBean : Closing JPA EntityManagerFactory for persistence unit 'default'
2025-01-20T12:47:41.744-05:00  INFO 58262 --- [SpringFinalProject] [SpringApplicationShutdownHook] com.zaxxer.hikari.HikariDataSource       : HikariPool-1 - Shutdown initiated...
2025-01-20T12:47:41.751-05:00  INFO 58262 --- [SpringFinalProject] [SpringApplicationShutdownHook] com.zaxxer.hikari.HikariDataSource       : HikariPool-1 - Shutdown completed.
2025-01-20T12:48:05.921-05:00  INFO 58278 --- [SpringFinalProject] [main] c.e.S.SpringFinalProjectApplication      : Starting SpringFinalProjectApplication using Java 20.0.1 with PID 58278 (/Users/raghavsharma/Development/SpringBootPeachez /SpringFinalProject/target/classes started by raghavsharma in /Users/raghavsharma/Development/SpringBootPeachez /SpringFinalProject)
2025-01-20T12:48:05.922-05:00  INFO 58278 --- [SpringFinalProject] [main] c.e.S.SpringFinalProjectApplication      : No active profile set, falling back to 1 default profile: "default"
2025-01-20T12:48:06.396-05:00  INFO 58278 --- [SpringFinalProject] [main] .s.d.r.c.RepositoryConfigurationDelegate : Bootstrapping Spring Data JPA repositories in DEFAULT mode.
2025-01-20T12:48:06.419-05:00  INFO 58278 --- [SpringFinalProject] [main] .s.d.r.c.RepositoryConfigurationDelegate : Finished Spring Data repository scanning in 19 ms. Found 2 JPA repository interfaces.
2025-01-20T12:48:06.814-05:00  INFO 58278 --- [SpringFinalProject] [main] o.s.b.w.embedded.tomcat.TomcatWebServer  : Tomcat initialized with port 8080 (http)
2025-01-20T12:48:06.820-05:00  INFO 58278 --- [SpringFinalProject] [main] o.apache.catalina.core.StandardService   : Starting service [Tomcat]
2025-01-20T12:48:06.820-05:00  INFO 58278 --- [SpringFinalProject] [main] o.apache.catalina.core.StandardEngine    : Starting Servlet engine: [Apache Tomcat/10.1.34]
2025-01-20T12:48:06.839-05:00  INFO 58278 --- [SpringFinalProject] [main] o.a.c.c.C.[Tomcat].[localhost].[/]       : Initializing Spring embedded WebApplicationContext
2025-01-20T12:48:06.839-05:00  INFO 58278 --- [SpringFinalProject] [main] w.s.c.ServletWebServerApplicationContext : Root WebApplicationContext: initialization completed in 895 ms
2025-01-20T12:48:07.014-05:00  INFO 58278 --- [SpringFinalProject] [main] o.hibernate.jpa.internal.util.LogHelper  : HHH000204: Processing PersistenceUnitInfo [name: default]
2025-01-20T12:48:07.045-05:00  INFO 58278 --- [SpringFinalProject] [main] org.hibernate.Version                    : HHH000412: Hibernate ORM core version 6.6.4.Final
2025-01-20T12:48:07.062-05:00  INFO 58278 --- [SpringFinalProject] [main] o.h.c.internal.RegionFactoryInitiator    : HHH000026: Second-level cache disabled
2025-01-20T12:48:07.183-05:00  INFO 58278 --- [SpringFinalProject] [main] o.s.o.j.p.SpringPersistenceUnitInfo      : No LoadTimeWeaver setup: ignoring JPA class transformer
2025-01-20T12:48:07.197-05:00  INFO 58278 --- [SpringFinalProject] [main] com.zaxxer.hikari.HikariDataSource       : HikariPool-1 - Starting...
2025-01-20T12:48:07.369-05:00  INFO 58278 --- [SpringFinalProject] [main] com.zaxxer.hikari.pool.HikariPool        : HikariPool-1 - Added connection com.mysql.cj.jdbc.ConnectionImpl@1f6d7e7c
2025-01-20T12:48:07.370-05:00  INFO 58278 --- [SpringFinalProject] [main] com.zaxxer.hikari.HikariDataSource       : HikariPool-1 - Start completed.
2025-01-20T12:48:07.413-05:00  INFO 58278 --- [SpringFinalProject] [main] org.hibernate.orm.connections.pooling    : HHH10001005: Database info:
	Database JDBC URL [Connecting through datasource 'HikariDataSource (HikariPool-1)']
	Database driver: undefined/unknown
	Database version: 9.1
	Autocommit mode: undefined/unknown
	Isolation level: undefined/unknown
	Minimum pool size: undefined/unknown
	Maximum pool size: undefined/unknown
2025-01-20T12:48:07.812-05:00  INFO 58278 --- [SpringFinalProject] [main] o.h.e.t.j.p.i.JtaPlatformInitiator       : HHH000489: No JTA platform available (set 'hibernate.transaction.jta.platform' to enable JTA platform integration)
2025-01-20T12:48:07.857-05:00  INFO 58278 --- [SpringFinalProject] [main] j.LocalContainerEntityManagerFactoryBean : Initialized JPA EntityManagerFactory for persistence unit 'default'
2025-01-20T12:48:08.009-05:00  INFO 58278 --- [SpringFinalProject] [main] o.s.d.j.r.query.QueryEnhancerFactory     : Hibernate is in classpath; If applicable, HQL parser will be used.
2025-01-20T12:48:08.308-05:00  WARN 58278 --- [SpringFinalProject] [main] JpaBaseConfiguration$JpaWebConfiguration : spring.jpa.open-in-view is enabled by default. Therefore, database queries may be performed during view rendering. Explicitly configure spring.jpa.open-in-view to disable this warning
2025-01-20T12:48:08.346-05:00  INFO 58278 --- [SpringFinalProject] [main] r$InitializeUserDetailsManagerConfigurer : Global AuthenticationManager configured with UserDetailsService bean with name customUserDetailsService
2025-01-20T12:48:08.670-05:00  INFO 58278 --- [SpringFinalProject] [main] o.s.b.a.e.web.EndpointLinksResolver      : Exposing 1 endpoint beneath base path '/actuator'
2025-01-20T12:48:08.739-05:00 DEBUG 58278 --- [SpringFinalProject] [main] o.s.s.web.DefaultSecurityFilterChain     : Will secure any request with filters: DisableEncodeUrlFilter, WebAsyncManagerIntegrationFilter, SecurityContextHolderFilter, HeaderWriterFilter, LogoutFilter, JwtAuthenticationFilter, RequestCacheAwareFilter, SecurityContextHolderAwareRequestFilter, AnonymousAuthenticationFilter, ExceptionTranslationFilter, AuthorizationFilter
2025-01-20T12:48:09.089-05:00  INFO 58278 --- [SpringFinalProject] [main] o.s.b.w.embedded.tomcat.TomcatWebServer  : Tomcat started on port 8080 (http) with context path '/'
2025-01-20T12:48:09.101-05:00  INFO 58278 --- [SpringFinalProject] [main] c.e.S.SpringFinalProjectApplication      : Started SpringFinalProjectApplication in 3.369 seconds (process running for 3.664)
2025-01-20T12:48:09.200-05:00  INFO 58278 --- [SpringFinalProject] [RMI TCP Connection(2)-192.168.0.147] o.a.c.c.C.[Tomcat].[localhost].[/]       : Initializing Spring DispatcherServlet 'dispatcherServlet'
2025-01-20T12:48:09.201-05:00  INFO 58278 --- [SpringFinalProject] [RMI TCP Connection(2)-192.168.0.147] o.s.web.servlet.DispatcherServlet        : Initializing Servlet 'dispatcherServlet'
2025-01-20T12:48:09.202-05:00  INFO 58278 --- [SpringFinalProject] [RMI TCP Connection(2)-192.168.0.147] o.s.web.servlet.DispatcherServlet        : Completed initialization in 1 ms
2025-01-20T12:48:12.646-05:00 DEBUG 58278 --- [SpringFinalProject] [http-nio-8080-exec-1] o.s.security.web.FilterChainProxy        : Securing POST /userlogin
2025-01-20T12:48:12.658-05:00 DEBUG 58278 --- [SpringFinalProject] [http-nio-8080-exec-1] o.s.security.web.FilterChainProxy        : Secured POST /userlogin
2025-01-20T12:48:12.913-05:00 DEBUG 58278 --- [SpringFinalProject] [http-nio-8080-exec-1] o.s.s.a.dao.DaoAuthenticationProvider    : Authenticated user
2025-01-20T12:48:12.915-05:00 DEBUG 58278 --- [SpringFinalProject] [http-nio-8080-exec-1] o.s.s.w.a.AnonymousAuthenticationFilter  : Set SecurityContextHolder to anonymous SecurityContext
2025-01-20T12:48:19.584-05:00 DEBUG 58278 --- [SpringFinalProject] [http-nio-8080-exec-3] o.s.security.web.FilterChainProxy        : Securing DELETE /deleteuser/Temp
2025-01-20T12:48:19.623-05:00 DEBUG 58278 --- [SpringFinalProject] [http-nio-8080-exec-3] o.s.security.web.FilterChainProxy        : Secured DELETE /deleteuser/Temp
2025-01-20T12:48:19.628-05:00 DEBUG 58278 --- [SpringFinalProject] [http-nio-8080-exec-3] horizationManagerBeforeMethodInterceptor : Authorizing method invocation ReflectiveMethodInvocation: public org.springframework.http.ResponseEntity com.example.SpringFinalProject.security.UserController.deleteUser(java.lang.String); target is of class [com.example.SpringFinalProject.security.UserController]
2025-01-20T12:48:19.651-05:00 DEBUG 58278 --- [SpringFinalProject] [http-nio-8080-exec-3] horizationManagerBeforeMethodInterceptor : Failed to authorize ReflectiveMethodInvocation: public org.springframework.http.ResponseEntity com.example.SpringFinalProject.security.UserController.deleteUser(java.lang.String); target is of class [com.example.SpringFinalProject.security.UserController] with authorization manager org.springframework.security.authorization.ObservationAuthorizationManager@431cecda and result ExpressionAuthorizationDecision [granted=false, expressionAttribute=hasAuthority('ADMIN')]
2025-01-20T12:48:19.654-05:00 DEBUG 58278 --- [SpringFinalProject] [http-nio-8080-exec-3] o.s.s.w.access.AccessDeniedHandlerImpl   : Responding with 403 status code
2025-01-20T12:48:19.659-05:00 DEBUG 58278 --- [SpringFinalProject] [http-nio-8080-exec-3] o.s.security.web.FilterChainProxy        : Securing DELETE /error
2025-01-20T12:48:19.659-05:00 DEBUG 58278 --- [SpringFinalProject] [http-nio-8080-exec-3] o.s.security.web.FilterChainProxy        : Secured DELETE /error
2025-01-20T12:48:19.665-05:00 DEBUG 58278 --- [SpringFinalProject] [http-nio-8080-exec-3] o.s.s.w.a.AnonymousAuthenticationFilter  : Set SecurityContextHolder to anonymous SecurityContext
2025-01-20T12:48:23.258-05:00 DEBUG 58278 --- [SpringFinalProject] [http-nio-8080-exec-4] o.s.security.web.FilterChainProxy        : Securing POST /userlogin
2025-01-20T12:48:23.260-05:00 DEBUG 58278 --- [SpringFinalProject] [http-nio-8080-exec-4] o.s.security.web.FilterChainProxy        : Secured POST /userlogin
2025-01-20T12:48:23.376-05:00 DEBUG 58278 --- [SpringFinalProject] [http-nio-8080-exec-4] o.s.s.a.dao.DaoAuthenticationProvider    : Authenticated user
2025-01-20T12:48:23.376-05:00 DEBUG 58278 --- [SpringFinalProject] [http-nio-8080-exec-4] o.s.s.w.a.AnonymousAuthenticationFilter  : Set SecurityContextHolder to anonymous SecurityContext
2025-01-20T12:48:33.732-05:00 DEBUG 58278 --- [SpringFinalProject] [http-nio-8080-exec-5] o.s.security.web.FilterChainProxy        : Securing DELETE /deleteuser/Temp
2025-01-20T12:48:33.736-05:00 DEBUG 58278 --- [SpringFinalProject] [http-nio-8080-exec-5] o.s.security.web.FilterChainProxy        : Secured DELETE /deleteuser/Temp
2025-01-20T12:48:33.737-05:00 DEBUG 58278 --- [SpringFinalProject] [http-nio-8080-exec-5] horizationManagerBeforeMethodInterceptor : Authorizing method invocation ReflectiveMethodInvocation: public org.springframework.http.ResponseEntity com.example.SpringFinalProject.security.UserController.deleteUser(java.lang.String); target is of class [com.example.SpringFinalProject.security.UserController]
2025-01-20T12:48:33.738-05:00 DEBUG 58278 --- [SpringFinalProject] [http-nio-8080-exec-5] horizationManagerBeforeMethodInterceptor : Authorized method invocation ReflectiveMethodInvocation: public org.springframework.http.ResponseEntity com.example.SpringFinalProject.security.UserController.deleteUser(java.lang.String); target is of class [com.example.SpringFinalProject.security.UserController]
2025-01-20T12:48:33.738-05:00  INFO 58278 --- [SpringFinalProject] [http-nio-8080-exec-5] c.e.S.s.services.DeleteUserService       : Executingclass com.example.SpringFinalProject.security.services.DeleteUserService input: Temp
2025-01-20T12:48:33.744-05:00 ERROR 58278 --- [SpringFinalProject] [http-nio-8080-exec-5] c.e.S.e.CustomerNotFoundException        : Exception class com.example.SpringFinalProject.exceptions.CustomerNotFoundException thrown
2025-01-20T12:48:33.749-05:00 DEBUG 58278 --- [SpringFinalProject] [http-nio-8080-exec-5] o.s.security.web.FilterChainProxy        : Securing DELETE /error
2025-01-20T12:48:33.750-05:00 DEBUG 58278 --- [SpringFinalProject] [http-nio-8080-exec-5] o.s.security.web.FilterChainProxy        : Secured DELETE /error
2025-01-20T12:48:33.753-05:00 DEBUG 58278 --- [SpringFinalProject] [http-nio-8080-exec-5] o.s.s.w.a.AnonymousAuthenticationFilter  : Set SecurityContextHolder to anonymous SecurityContext
2025-01-20T12:51:36.984-05:00  INFO 58278 --- [SpringFinalProject] [SpringApplicationShutdownHook] o.s.b.w.e.tomcat.GracefulShutdown        : Commencing graceful shutdown. Waiting for active requests to complete
2025-01-20T12:51:36.989-05:00  INFO 58278 --- [SpringFinalProject] [tomcat-shutdown] o.s.b.w.e.tomcat.GracefulShutdown        : Graceful shutdown complete
2025-01-20T12:51:36.995-05:00  INFO 58278 --- [SpringFinalProject] [SpringApplicationShutdownHook] j.LocalContainerEntityManagerFactoryBean : Closing JPA EntityManagerFactory for persistence unit 'default'
2025-01-20T12:51:36.998-05:00  INFO 58278 --- [SpringFinalProject] [SpringApplicationShutdownHook] com.zaxxer.hikari.HikariDataSource       : HikariPool-1 - Shutdown initiated...
2025-01-20T12:51:37.007-05:00  INFO 58278 --- [SpringFinalProject] [SpringApplicationShutdownHook] com.zaxxer.hikari.HikariDataSource       : HikariPool-1 - Shutdown completed.
2025-01-20T12:51:39.067-05:00  INFO 58330 --- [SpringFinalProject] [main] c.e.S.SpringFinalProjectApplication      : Starting SpringFinalProjectApplication using Java 20.0.1 with PID 58330 (/Users/raghavsharma/Development/SpringBootPeachez /SpringFinalProject/target/classes started by raghavsharma in /Users/raghavsharma/Development/SpringBootPeachez /SpringFinalProject)
2025-01-20T12:51:39.068-05:00  INFO 58330 --- [SpringFinalProject] [main] c.e.S.SpringFinalProjectApplication      : No active profile set, falling back to 1 default profile: "default"
2025-01-20T12:51:39.503-05:00  INFO 58330 --- [SpringFinalProject] [main] .s.d.r.c.RepositoryConfigurationDelegate : Bootstrapping Spring Data JPA repositories in DEFAULT mode.
2025-01-20T12:51:39.532-05:00  INFO 58330 --- [SpringFinalProject] [main] .s.d.r.c.RepositoryConfigurationDelegate : Finished Spring Data repository scanning in 25 ms. Found 2 JPA repository interfaces.
2025-01-20T12:51:39.921-05:00  INFO 58330 --- [SpringFinalProject] [main] o.s.b.w.embedded.tomcat.TomcatWebServer  : Tomcat initialized with port 8080 (http)
2025-01-20T12:51:39.926-05:00  INFO 58330 --- [SpringFinalProject] [main] o.apache.catalina.core.StandardService   : Starting service [Tomcat]
2025-01-20T12:51:39.926-05:00  INFO 58330 --- [SpringFinalProject] [main] o.apache.catalina.core.StandardEngine    : Starting Servlet engine: [Apache Tomcat/10.1.34]
2025-01-20T12:51:39.946-05:00  INFO 58330 --- [SpringFinalProject] [main] o.a.c.c.C.[Tomcat].[localhost].[/]       : Initializing Spring embedded WebApplicationContext
2025-01-20T12:51:39.946-05:00  INFO 58330 --- [SpringFinalProject] [main] w.s.c.ServletWebServerApplicationContext : Root WebApplicationContext: initialization completed in 857 ms
2025-01-20T12:51:40.117-05:00  INFO 58330 --- [SpringFinalProject] [main] o.hibernate.jpa.internal.util.LogHelper  : HHH000204: Processing PersistenceUnitInfo [name: default]
2025-01-20T12:51:40.141-05:00  INFO 58330 --- [SpringFinalProject] [main] org.hibernate.Version                    : HHH000412: Hibernate ORM core version 6.6.4.Final
2025-01-20T12:51:40.157-05:00  INFO 58330 --- [SpringFinalProject] [main] o.h.c.internal.RegionFactoryInitiator    : HHH000026: Second-level cache disabled
2025-01-20T12:51:40.264-05:00  INFO 58330 --- [SpringFinalProject] [main] o.s.o.j.p.SpringPersistenceUnitInfo      : No LoadTimeWeaver setup: ignoring JPA class transformer
2025-01-20T12:51:40.278-05:00  INFO 58330 --- [SpringFinalProject] [main] com.zaxxer.hikari.HikariDataSource       : HikariPool-1 - Starting...
2025-01-20T12:51:40.428-05:00  INFO 58330 --- [SpringFinalProject] [main] com.zaxxer.hikari.pool.HikariPool        : HikariPool-1 - Added connection com.mysql.cj.jdbc.ConnectionImpl@42805abe
2025-01-20T12:51:40.429-05:00  INFO 58330 --- [SpringFinalProject] [main] com.zaxxer.hikari.HikariDataSource       : HikariPool-1 - Start completed.
2025-01-20T12:51:40.466-05:00  INFO 58330 --- [SpringFinalProject] [main] org.hibernate.orm.connections.pooling    : HHH10001005: Database info:
	Database JDBC URL [Connecting through datasource 'HikariDataSource (HikariPool-1)']
	Database driver: undefined/unknown
	Database version: 9.1
	Autocommit mode: undefined/unknown
	Isolation level: undefined/unknown
	Minimum pool size: undefined/unknown
	Maximum pool size: undefined/unknown
2025-01-20T12:51:40.876-05:00  INFO 58330 --- [SpringFinalProject] [main] o.h.e.t.j.p.i.JtaPlatformInitiator       : HHH000489: No JTA platform available (set 'hibernate.transaction.jta.platform' to enable JTA platform integration)
2025-01-20T12:51:40.923-05:00  INFO 58330 --- [SpringFinalProject] [main] j.LocalContainerEntityManagerFactoryBean : Initialized JPA EntityManagerFactory for persistence unit 'default'
2025-01-20T12:51:41.082-05:00  INFO 58330 --- [SpringFinalProject] [main] o.s.d.j.r.query.QueryEnhancerFactory     : Hibernate is in classpath; If applicable, HQL parser will be used.
2025-01-20T12:51:41.364-05:00  WARN 58330 --- [SpringFinalProject] [main] JpaBaseConfiguration$JpaWebConfiguration : spring.jpa.open-in-view is enabled by default. Therefore, database queries may be performed during view rendering. Explicitly configure spring.jpa.open-in-view to disable this warning
2025-01-20T12:51:41.404-05:00  INFO 58330 --- [SpringFinalProject] [main] r$InitializeUserDetailsManagerConfigurer : Global AuthenticationManager configured with UserDetailsService bean with name customUserDetailsService
2025-01-20T12:51:41.748-05:00  INFO 58330 --- [SpringFinalProject] [main] o.s.b.a.e.web.EndpointLinksResolver      : Exposing 1 endpoint beneath base path '/actuator'
2025-01-20T12:51:41.813-05:00 DEBUG 58330 --- [SpringFinalProject] [main] o.s.s.web.DefaultSecurityFilterChain     : Will secure any request with filters: DisableEncodeUrlFilter, WebAsyncManagerIntegrationFilter, SecurityContextHolderFilter, HeaderWriterFilter, LogoutFilter, JwtAuthenticationFilter, RequestCacheAwareFilter, SecurityContextHolderAwareRequestFilter, AnonymousAuthenticationFilter, ExceptionTranslationFilter, AuthorizationFilter
2025-01-20T12:51:42.163-05:00  INFO 58330 --- [SpringFinalProject] [main] o.s.b.w.embedded.tomcat.TomcatWebServer  : Tomcat started on port 8080 (http) with context path '/'
2025-01-20T12:51:42.174-05:00  INFO 58330 --- [SpringFinalProject] [main] c.e.S.SpringFinalProjectApplication      : Started SpringFinalProjectApplication in 3.294 seconds (process running for 3.553)
2025-01-20T12:51:42.373-05:00  INFO 58330 --- [SpringFinalProject] [RMI TCP Connection(2)-192.168.0.147] o.a.c.c.C.[Tomcat].[localhost].[/]       : Initializing Spring DispatcherServlet 'dispatcherServlet'
2025-01-20T12:51:42.374-05:00  INFO 58330 --- [SpringFinalProject] [RMI TCP Connection(2)-192.168.0.147] o.s.web.servlet.DispatcherServlet        : Initializing Servlet 'dispatcherServlet'
2025-01-20T12:51:42.375-05:00  INFO 58330 --- [SpringFinalProject] [RMI TCP Connection(2)-192.168.0.147] o.s.web.servlet.DispatcherServlet        : Completed initialization in 1 ms
2025-01-20T12:51:49.855-05:00 DEBUG 58330 --- [SpringFinalProject] [http-nio-8080-exec-2] o.s.security.web.FilterChainProxy        : Securing POST /userlogin
2025-01-20T12:51:49.867-05:00 DEBUG 58330 --- [SpringFinalProject] [http-nio-8080-exec-2] o.s.security.web.FilterChainProxy        : Secured POST /userlogin
2025-01-20T12:51:50.125-05:00 DEBUG 58330 --- [SpringFinalProject] [http-nio-8080-exec-2] o.s.s.a.dao.DaoAuthenticationProvider    : Authenticated user
2025-01-20T12:51:50.127-05:00 DEBUG 58330 --- [SpringFinalProject] [http-nio-8080-exec-2] o.s.s.w.a.AnonymousAuthenticationFilter  : Set SecurityContextHolder to anonymous SecurityContext
2025-01-20T12:51:57.049-05:00 DEBUG 58330 --- [SpringFinalProject] [http-nio-8080-exec-3] o.s.security.web.FilterChainProxy        : Securing DELETE /deleteuser/Temp
2025-01-20T12:51:57.087-05:00 DEBUG 58330 --- [SpringFinalProject] [http-nio-8080-exec-3] o.s.security.web.FilterChainProxy        : Secured DELETE /deleteuser/Temp
2025-01-20T12:51:57.091-05:00 DEBUG 58330 --- [SpringFinalProject] [http-nio-8080-exec-3] horizationManagerBeforeMethodInterceptor : Authorizing method invocation ReflectiveMethodInvocation: public org.springframework.http.ResponseEntity com.example.SpringFinalProject.security.UserController.deleteUser(java.lang.String); target is of class [com.example.SpringFinalProject.security.UserController]
2025-01-20T12:51:57.111-05:00 DEBUG 58330 --- [SpringFinalProject] [http-nio-8080-exec-3] horizationManagerBeforeMethodInterceptor : Failed to authorize ReflectiveMethodInvocation: public org.springframework.http.ResponseEntity com.example.SpringFinalProject.security.UserController.deleteUser(java.lang.String); target is of class [com.example.SpringFinalProject.security.UserController] with authorization manager org.springframework.security.authorization.ObservationAuthorizationManager@62671ccc and result ExpressionAuthorizationDecision [granted=false, expressionAttribute=hasAuthority('ADMIN')]
2025-01-20T12:51:57.114-05:00 DEBUG 58330 --- [SpringFinalProject] [http-nio-8080-exec-3] o.s.s.w.access.AccessDeniedHandlerImpl   : Responding with 403 status code
2025-01-20T12:51:57.125-05:00 DEBUG 58330 --- [SpringFinalProject] [http-nio-8080-exec-3] o.s.security.web.FilterChainProxy        : Securing DELETE /error
2025-01-20T12:51:57.126-05:00 DEBUG 58330 --- [SpringFinalProject] [http-nio-8080-exec-3] o.s.security.web.FilterChainProxy        : Secured DELETE /error
2025-01-20T12:51:57.131-05:00 DEBUG 58330 --- [SpringFinalProject] [http-nio-8080-exec-3] o.s.s.w.a.AnonymousAuthenticationFilter  : Set SecurityContextHolder to anonymous SecurityContext
2025-01-20T12:52:06.408-05:00 DEBUG 58330 --- [SpringFinalProject] [http-nio-8080-exec-4] o.s.security.web.FilterChainProxy        : Securing DELETE /deleteproduct/22eacb72-851e-408c-8afe-6cf77bf2eaf8
2025-01-20T12:52:06.414-05:00 DEBUG 58330 --- [SpringFinalProject] [http-nio-8080-exec-4] o.s.security.web.FilterChainProxy        : Secured DELETE /deleteproduct/22eacb72-851e-408c-8afe-6cf77bf2eaf8
2025-01-20T12:52:06.416-05:00 DEBUG 58330 --- [SpringFinalProject] [http-nio-8080-exec-4] horizationManagerBeforeMethodInterceptor : Authorizing method invocation ReflectiveMethodInvocation: public org.springframework.http.ResponseEntity com.example.SpringFinalProject.product.ProductController.deleteProduct(java.lang.String); target is of class [com.example.SpringFinalProject.product.ProductController]
2025-01-20T12:52:06.418-05:00 DEBUG 58330 --- [SpringFinalProject] [http-nio-8080-exec-4] horizationManagerBeforeMethodInterceptor : Failed to authorize ReflectiveMethodInvocation: public org.springframework.http.ResponseEntity com.example.SpringFinalProject.product.ProductController.deleteProduct(java.lang.String); target is of class [com.example.SpringFinalProject.product.ProductController] with authorization manager org.springframework.security.authorization.ObservationAuthorizationManager@62671ccc and result ExpressionAuthorizationDecision [granted=false, expressionAttribute=hasAuthority('ADMIN')]
2025-01-20T12:52:06.418-05:00 DEBUG 58330 --- [SpringFinalProject] [http-nio-8080-exec-4] o.s.s.w.access.AccessDeniedHandlerImpl   : Responding with 403 status code
2025-01-20T12:52:06.420-05:00 DEBUG 58330 --- [SpringFinalProject] [http-nio-8080-exec-4] o.s.security.web.FilterChainProxy        : Securing DELETE /error
2025-01-20T12:52:06.421-05:00 DEBUG 58330 --- [SpringFinalProject] [http-nio-8080-exec-4] o.s.security.web.FilterChainProxy        : Secured DELETE /error
2025-01-20T12:52:06.424-05:00 DEBUG 58330 --- [SpringFinalProject] [http-nio-8080-exec-4] o.s.s.w.a.AnonymousAuthenticationFilter  : Set SecurityContextHolder to anonymous SecurityContext
2025-01-20T12:52:14.495-05:00 DEBUG 58330 --- [SpringFinalProject] [http-nio-8080-exec-5] o.s.security.web.FilterChainProxy        : Securing PUT /updateproduct/5a3679f2-d36b--99c5-c437c844fc22
2025-01-20T12:52:14.501-05:00 DEBUG 58330 --- [SpringFinalProject] [http-nio-8080-exec-5] o.s.security.web.FilterChainProxy        : Secured PUT /updateproduct/5a3679f2-d36b--99c5-c437c844fc22
2025-01-20T12:52:14.513-05:00 DEBUG 58330 --- [SpringFinalProject] [http-nio-8080-exec-5] horizationManagerBeforeMethodInterceptor : Authorizing method invocation ReflectiveMethodInvocation: public org.springframework.http.ResponseEntity com.example.SpringFinalProject.product.ProductController.updateProduct(java.lang.String,com.example.SpringFinalProject.product.model.Product); target is of class [com.example.SpringFinalProject.product.ProductController]
2025-01-20T12:52:14.516-05:00 DEBUG 58330 --- [SpringFinalProject] [http-nio-8080-exec-5] horizationManagerBeforeMethodInterceptor : Authorized method invocation ReflectiveMethodInvocation: public org.springframework.http.ResponseEntity com.example.SpringFinalProject.product.ProductController.updateProduct(java.lang.String,com.example.SpringFinalProject.product.model.Product); target is of class [com.example.SpringFinalProject.product.ProductController]
2025-01-20T12:52:14.516-05:00  INFO 58330 --- [SpringFinalProject] [http-nio-8080-exec-5] c.e.S.p.services.UpdateProductService    : Executing class com.example.SpringFinalProject.product.services.UpdateProductService input: com.example.SpringFinalProject.product.model.UpdateProductCommand@222ad844
2025-01-20T12:52:14.523-05:00 ERROR 58330 --- [SpringFinalProject] [http-nio-8080-exec-5] c.e.S.e.ProductNotFoundException         : Exception class com.example.SpringFinalProject.exceptions.ProductNotFoundException thrown
2025-01-20T12:52:14.525-05:00 DEBUG 58330 --- [SpringFinalProject] [http-nio-8080-exec-5] o.s.security.web.FilterChainProxy        : Securing PUT /error
2025-01-20T12:52:14.526-05:00 DEBUG 58330 --- [SpringFinalProject] [http-nio-8080-exec-5] o.s.security.web.FilterChainProxy        : Secured PUT /error
2025-01-20T12:52:14.527-05:00 DEBUG 58330 --- [SpringFinalProject] [http-nio-8080-exec-5] o.s.s.w.a.AnonymousAuthenticationFilter  : Set SecurityContextHolder to anonymous SecurityContext
2025-01-20T12:54:36.729-05:00  INFO 58330 --- [SpringFinalProject] [SpringApplicationShutdownHook] o.s.b.w.e.tomcat.GracefulShutdown        : Commencing graceful shutdown. Waiting for active requests to complete
2025-01-20T12:54:36.736-05:00  INFO 58330 --- [SpringFinalProject] [tomcat-shutdown] o.s.b.w.e.tomcat.GracefulShutdown        : Graceful shutdown complete
2025-01-20T12:54:36.743-05:00  INFO 58330 --- [SpringFinalProject] [SpringApplicationShutdownHook] j.LocalContainerEntityManagerFactoryBean : Closing JPA EntityManagerFactory for persistence unit 'default'
2025-01-20T12:54:36.745-05:00  INFO 58330 --- [SpringFinalProject] [SpringApplicationShutdownHook] com.zaxxer.hikari.HikariDataSource       : HikariPool-1 - Shutdown initiated...
2025-01-20T12:54:36.753-05:00  INFO 58330 --- [SpringFinalProject] [SpringApplicationShutdownHook] com.zaxxer.hikari.HikariDataSource       : HikariPool-1 - Shutdown completed.
2025-01-20T12:54:51.467-05:00  INFO 58357 --- [SpringFinalProject] [main] c.e.S.SpringFinalProjectApplication      : Starting SpringFinalProjectApplication using Java 20.0.1 with PID 58357 (/Users/raghavsharma/Development/SpringBootPeachez /SpringFinalProject/target/classes started by raghavsharma in /Users/raghavsharma/Development/SpringBootPeachez /SpringFinalProject)
2025-01-20T12:54:51.469-05:00  INFO 58357 --- [SpringFinalProject] [main] c.e.S.SpringFinalProjectApplication      : No active profile set, falling back to 1 default profile: "default"
2025-01-20T12:54:51.924-05:00  INFO 58357 --- [SpringFinalProject] [main] .s.d.r.c.RepositoryConfigurationDelegate : Bootstrapping Spring Data JPA repositories in DEFAULT mode.
2025-01-20T12:54:51.953-05:00  INFO 58357 --- [SpringFinalProject] [main] .s.d.r.c.RepositoryConfigurationDelegate : Finished Spring Data repository scanning in 24 ms. Found 2 JPA repository interfaces.
2025-01-20T12:54:52.334-05:00  INFO 58357 --- [SpringFinalProject] [main] o.s.b.w.embedded.tomcat.TomcatWebServer  : Tomcat initialized with port 8080 (http)
2025-01-20T12:54:52.340-05:00  INFO 58357 --- [SpringFinalProject] [main] o.apache.catalina.core.StandardService   : Starting service [Tomcat]
2025-01-20T12:54:52.340-05:00  INFO 58357 --- [SpringFinalProject] [main] o.apache.catalina.core.StandardEngine    : Starting Servlet engine: [Apache Tomcat/10.1.34]
2025-01-20T12:54:52.359-05:00  INFO 58357 --- [SpringFinalProject] [main] o.a.c.c.C.[Tomcat].[localhost].[/]       : Initializing Spring embedded WebApplicationContext
2025-01-20T12:54:52.359-05:00  INFO 58357 --- [SpringFinalProject] [main] w.s.c.ServletWebServerApplicationContext : Root WebApplicationContext: initialization completed in 870 ms
2025-01-20T12:54:52.533-05:00  INFO 58357 --- [SpringFinalProject] [main] o.hibernate.jpa.internal.util.LogHelper  : HHH000204: Processing PersistenceUnitInfo [name: default]
2025-01-20T12:54:52.563-05:00  INFO 58357 --- [SpringFinalProject] [main] org.hibernate.Version                    : HHH000412: Hibernate ORM core version 6.6.4.Final
2025-01-20T12:54:52.579-05:00  INFO 58357 --- [SpringFinalProject] [main] o.h.c.internal.RegionFactoryInitiator    : HHH000026: Second-level cache disabled
2025-01-20T12:54:52.699-05:00  INFO 58357 --- [SpringFinalProject] [main] o.s.o.j.p.SpringPersistenceUnitInfo      : No LoadTimeWeaver setup: ignoring JPA class transformer
2025-01-20T12:54:52.713-05:00  INFO 58357 --- [SpringFinalProject] [main] com.zaxxer.hikari.HikariDataSource       : HikariPool-1 - Starting...
2025-01-20T12:54:52.865-05:00  INFO 58357 --- [SpringFinalProject] [main] com.zaxxer.hikari.pool.HikariPool        : HikariPool-1 - Added connection com.mysql.cj.jdbc.ConnectionImpl@5ccc971e
2025-01-20T12:54:52.865-05:00  INFO 58357 --- [SpringFinalProject] [main] com.zaxxer.hikari.HikariDataSource       : HikariPool-1 - Start completed.
2025-01-20T12:54:52.904-05:00  INFO 58357 --- [SpringFinalProject] [main] org.hibernate.orm.connections.pooling    : HHH10001005: Database info:
	Database JDBC URL [Connecting through datasource 'HikariDataSource (HikariPool-1)']
	Database driver: undefined/unknown
	Database version: 9.1
	Autocommit mode: undefined/unknown
	Isolation level: undefined/unknown
	Minimum pool size: undefined/unknown
	Maximum pool size: undefined/unknown
2025-01-20T12:54:53.302-05:00  INFO 58357 --- [SpringFinalProject] [main] o.h.e.t.j.p.i.JtaPlatformInitiator       : HHH000489: No JTA platform available (set 'hibernate.transaction.jta.platform' to enable JTA platform integration)
2025-01-20T12:54:53.347-05:00  INFO 58357 --- [SpringFinalProject] [main] j.LocalContainerEntityManagerFactoryBean : Initialized JPA EntityManagerFactory for persistence unit 'default'
2025-01-20T12:54:53.499-05:00  INFO 58357 --- [SpringFinalProject] [main] o.s.d.j.r.query.QueryEnhancerFactory     : Hibernate is in classpath; If applicable, HQL parser will be used.
2025-01-20T12:54:53.774-05:00  WARN 58357 --- [SpringFinalProject] [main] JpaBaseConfiguration$JpaWebConfiguration : spring.jpa.open-in-view is enabled by default. Therefore, database queries may be performed during view rendering. Explicitly configure spring.jpa.open-in-view to disable this warning
2025-01-20T12:54:53.812-05:00  INFO 58357 --- [SpringFinalProject] [main] r$InitializeUserDetailsManagerConfigurer : Global AuthenticationManager configured with UserDetailsService bean with name customUserDetailsService
2025-01-20T12:54:54.150-05:00  INFO 58357 --- [SpringFinalProject] [main] o.s.b.a.e.web.EndpointLinksResolver      : Exposing 1 endpoint beneath base path '/actuator'
2025-01-20T12:54:54.215-05:00 DEBUG 58357 --- [SpringFinalProject] [main] o.s.s.web.DefaultSecurityFilterChain     : Will secure any request with filters: DisableEncodeUrlFilter, WebAsyncManagerIntegrationFilter, SecurityContextHolderFilter, HeaderWriterFilter, LogoutFilter, JwtAuthenticationFilter, RequestCacheAwareFilter, SecurityContextHolderAwareRequestFilter, AnonymousAuthenticationFilter, ExceptionTranslationFilter, AuthorizationFilter
2025-01-20T12:54:54.555-05:00  INFO 58357 --- [SpringFinalProject] [main] o.s.b.w.embedded.tomcat.TomcatWebServer  : Tomcat started on port 8080 (http) with context path '/'
2025-01-20T12:54:54.566-05:00  INFO 58357 --- [SpringFinalProject] [main] c.e.S.SpringFinalProjectApplication      : Started SpringFinalProjectApplication in 3.291 seconds (process running for 3.569)
2025-01-20T12:54:54.773-05:00  INFO 58357 --- [SpringFinalProject] [RMI TCP Connection(1)-192.168.0.147] o.a.c.c.C.[Tomcat].[localhost].[/]       : Initializing Spring DispatcherServlet 'dispatcherServlet'
2025-01-20T12:54:54.773-05:00  INFO 58357 --- [SpringFinalProject] [RMI TCP Connection(1)-192.168.0.147] o.s.web.servlet.DispatcherServlet        : Initializing Servlet 'dispatcherServlet'
2025-01-20T12:54:54.774-05:00  INFO 58357 --- [SpringFinalProject] [RMI TCP Connection(1)-192.168.0.147] o.s.web.servlet.DispatcherServlet        : Completed initialization in 1 ms
2025-01-20T12:55:01.167-05:00 DEBUG 58357 --- [SpringFinalProject] [http-nio-8080-exec-1] o.s.security.web.FilterChainProxy        : Securing PUT /updateproduct/5a3679f2-d36b--99c5-c437c844fc22
2025-01-20T12:55:01.224-05:00 DEBUG 58357 --- [SpringFinalProject] [http-nio-8080-exec-1] o.s.security.web.FilterChainProxy        : Secured PUT /updateproduct/5a3679f2-d36b--99c5-c437c844fc22
2025-01-20T12:55:01.267-05:00 DEBUG 58357 --- [SpringFinalProject] [http-nio-8080-exec-1] horizationManagerBeforeMethodInterceptor : Authorizing method invocation ReflectiveMethodInvocation: public org.springframework.http.ResponseEntity com.example.SpringFinalProject.product.ProductController.updateProduct(java.lang.String,com.example.SpringFinalProject.product.model.Product); target is of class [com.example.SpringFinalProject.product.ProductController]
2025-01-20T12:55:01.282-05:00 DEBUG 58357 --- [SpringFinalProject] [http-nio-8080-exec-1] horizationManagerBeforeMethodInterceptor : Authorized method invocation ReflectiveMethodInvocation: public org.springframework.http.ResponseEntity com.example.SpringFinalProject.product.ProductController.updateProduct(java.lang.String,com.example.SpringFinalProject.product.model.Product); target is of class [com.example.SpringFinalProject.product.ProductController]
2025-01-20T12:55:01.283-05:00  INFO 58357 --- [SpringFinalProject] [http-nio-8080-exec-1] c.e.S.p.services.UpdateProductService    : Executing class com.example.SpringFinalProject.product.services.UpdateProductService input: com.example.SpringFinalProject.product.model.UpdateProductCommand@38506426
2025-01-20T12:55:01.316-05:00 ERROR 58357 --- [SpringFinalProject] [http-nio-8080-exec-1] c.e.S.e.ProductNotFoundException         : Exception class com.example.SpringFinalProject.exceptions.ProductNotFoundException thrown
2025-01-20T12:55:01.322-05:00 DEBUG 58357 --- [SpringFinalProject] [http-nio-8080-exec-1] o.s.security.web.FilterChainProxy        : Securing PUT /error
2025-01-20T12:55:01.323-05:00 DEBUG 58357 --- [SpringFinalProject] [http-nio-8080-exec-1] o.s.security.web.FilterChainProxy        : Secured PUT /error
2025-01-20T12:55:01.334-05:00 DEBUG 58357 --- [SpringFinalProject] [http-nio-8080-exec-1] o.s.s.w.a.AnonymousAuthenticationFilter  : Set SecurityContextHolder to anonymous SecurityContext
2025-01-20T12:55:02.274-05:00 DEBUG 58357 --- [SpringFinalProject] [http-nio-8080-exec-3] o.s.security.web.FilterChainProxy        : Securing PUT /updateproduct/5a3679f2-d36b--99c5-c437c844fc22
2025-01-20T12:55:02.281-05:00 DEBUG 58357 --- [SpringFinalProject] [http-nio-8080-exec-3] o.s.security.web.FilterChainProxy        : Secured PUT /updateproduct/5a3679f2-d36b--99c5-c437c844fc22
2025-01-20T12:55:02.283-05:00 DEBUG 58357 --- [SpringFinalProject] [http-nio-8080-exec-3] horizationManagerBeforeMethodInterceptor : Authorizing method invocation ReflectiveMethodInvocation: public org.springframework.http.ResponseEntity com.example.SpringFinalProject.product.ProductController.updateProduct(java.lang.String,com.example.SpringFinalProject.product.model.Product); target is of class [com.example.SpringFinalProject.product.ProductController]
2025-01-20T12:55:02.285-05:00 DEBUG 58357 --- [SpringFinalProject] [http-nio-8080-exec-3] horizationManagerBeforeMethodInterceptor : Authorized method invocation ReflectiveMethodInvocation: public org.springframework.http.ResponseEntity com.example.SpringFinalProject.product.ProductController.updateProduct(java.lang.String,com.example.SpringFinalProject.product.model.Product); target is of class [com.example.SpringFinalProject.product.ProductController]
2025-01-20T12:55:02.285-05:00  INFO 58357 --- [SpringFinalProject] [http-nio-8080-exec-3] c.e.S.p.services.UpdateProductService    : Executing class com.example.SpringFinalProject.product.services.UpdateProductService input: com.example.SpringFinalProject.product.model.UpdateProductCommand@cf22fe0
2025-01-20T12:55:02.291-05:00 ERROR 58357 --- [SpringFinalProject] [http-nio-8080-exec-3] c.e.S.e.ProductNotFoundException         : Exception class com.example.SpringFinalProject.exceptions.ProductNotFoundException thrown
2025-01-20T12:55:02.295-05:00 DEBUG 58357 --- [SpringFinalProject] [http-nio-8080-exec-3] o.s.security.web.FilterChainProxy        : Securing PUT /error
2025-01-20T12:55:02.297-05:00 DEBUG 58357 --- [SpringFinalProject] [http-nio-8080-exec-3] o.s.security.web.FilterChainProxy        : Secured PUT /error
2025-01-20T12:55:02.299-05:00 DEBUG 58357 --- [SpringFinalProject] [http-nio-8080-exec-3] o.s.s.w.a.AnonymousAuthenticationFilter  : Set SecurityContextHolder to anonymous SecurityContext
2025-01-20T12:55:03.338-05:00 DEBUG 58357 --- [SpringFinalProject] [http-nio-8080-exec-4] o.s.security.web.FilterChainProxy        : Securing PUT /updateproduct/5a3679f2-d36b--99c5-c437c844fc22
2025-01-20T12:55:03.341-05:00 DEBUG 58357 --- [SpringFinalProject] [http-nio-8080-exec-4] o.s.security.web.FilterChainProxy        : Secured PUT /updateproduct/5a3679f2-d36b--99c5-c437c844fc22
2025-01-20T12:55:03.343-05:00 DEBUG 58357 --- [SpringFinalProject] [http-nio-8080-exec-4] horizationManagerBeforeMethodInterceptor : Authorizing method invocation ReflectiveMethodInvocation: public org.springframework.http.ResponseEntity com.example.SpringFinalProject.product.ProductController.updateProduct(java.lang.String,com.example.SpringFinalProject.product.model.Product); target is of class [com.example.SpringFinalProject.product.ProductController]
2025-01-20T12:55:03.344-05:00 DEBUG 58357 --- [SpringFinalProject] [http-nio-8080-exec-4] horizationManagerBeforeMethodInterceptor : Authorized method invocation ReflectiveMethodInvocation: public org.springframework.http.ResponseEntity com.example.SpringFinalProject.product.ProductController.updateProduct(java.lang.String,com.example.SpringFinalProject.product.model.Product); target is of class [com.example.SpringFinalProject.product.ProductController]
2025-01-20T12:55:03.344-05:00  INFO 58357 --- [SpringFinalProject] [http-nio-8080-exec-4] c.e.S.p.services.UpdateProductService    : Executing class com.example.SpringFinalProject.product.services.UpdateProductService input: com.example.SpringFinalProject.product.model.UpdateProductCommand@4aefa068
2025-01-20T12:55:03.349-05:00 ERROR 58357 --- [SpringFinalProject] [http-nio-8080-exec-4] c.e.S.e.ProductNotFoundException         : Exception class com.example.SpringFinalProject.exceptions.ProductNotFoundException thrown
2025-01-20T12:55:03.352-05:00 DEBUG 58357 --- [SpringFinalProject] [http-nio-8080-exec-4] o.s.security.web.FilterChainProxy        : Securing PUT /error
2025-01-20T12:55:03.353-05:00 DEBUG 58357 --- [SpringFinalProject] [http-nio-8080-exec-4] o.s.security.web.FilterChainProxy        : Secured PUT /error
2025-01-20T12:55:03.356-05:00 DEBUG 58357 --- [SpringFinalProject] [http-nio-8080-exec-4] o.s.s.w.a.AnonymousAuthenticationFilter  : Set SecurityContextHolder to anonymous SecurityContext
2025-01-20T12:55:03.941-05:00 DEBUG 58357 --- [SpringFinalProject] [http-nio-8080-exec-5] o.s.security.web.FilterChainProxy        : Securing PUT /updateproduct/5a3679f2-d36b--99c5-c437c844fc22
2025-01-20T12:55:03.947-05:00 DEBUG 58357 --- [SpringFinalProject] [http-nio-8080-exec-5] o.s.security.web.FilterChainProxy        : Secured PUT /updateproduct/5a3679f2-d36b--99c5-c437c844fc22
2025-01-20T12:55:03.949-05:00 DEBUG 58357 --- [SpringFinalProject] [http-nio-8080-exec-5] horizationManagerBeforeMethodInterceptor : Authorizing method invocation ReflectiveMethodInvocation: public org.springframework.http.ResponseEntity com.example.SpringFinalProject.product.ProductController.updateProduct(java.lang.String,com.example.SpringFinalProject.product.model.Product); target is of class [com.example.SpringFinalProject.product.ProductController]
2025-01-20T12:55:03.950-05:00 DEBUG 58357 --- [SpringFinalProject] [http-nio-8080-exec-5] horizationManagerBeforeMethodInterceptor : Authorized method invocation ReflectiveMethodInvocation: public org.springframework.http.ResponseEntity com.example.SpringFinalProject.product.ProductController.updateProduct(java.lang.String,com.example.SpringFinalProject.product.model.Product); target is of class [com.example.SpringFinalProject.product.ProductController]
2025-01-20T12:55:03.950-05:00  INFO 58357 --- [SpringFinalProject] [http-nio-8080-exec-5] c.e.S.p.services.UpdateProductService    : Executing class com.example.SpringFinalProject.product.services.UpdateProductService input: com.example.SpringFinalProject.product.model.UpdateProductCommand@4a81454d
2025-01-20T12:55:03.955-05:00 ERROR 58357 --- [SpringFinalProject] [http-nio-8080-exec-5] c.e.S.e.ProductNotFoundException         : Exception class com.example.SpringFinalProject.exceptions.ProductNotFoundException thrown
2025-01-20T12:55:03.958-05:00 DEBUG 58357 --- [SpringFinalProject] [http-nio-8080-exec-5] o.s.security.web.FilterChainProxy        : Securing PUT /error
2025-01-20T12:55:03.959-05:00 DEBUG 58357 --- [SpringFinalProject] [http-nio-8080-exec-5] o.s.security.web.FilterChainProxy        : Secured PUT /error
2025-01-20T12:55:03.962-05:00 DEBUG 58357 --- [SpringFinalProject] [http-nio-8080-exec-5] o.s.s.w.a.AnonymousAuthenticationFilter  : Set SecurityContextHolder to anonymous SecurityContext
2025-01-20T12:55:04.511-05:00 DEBUG 58357 --- [SpringFinalProject] [http-nio-8080-exec-6] o.s.security.web.FilterChainProxy        : Securing PUT /updateproduct/5a3679f2-d36b--99c5-c437c844fc22
2025-01-20T12:55:04.515-05:00 DEBUG 58357 --- [SpringFinalProject] [http-nio-8080-exec-6] o.s.security.web.FilterChainProxy        : Secured PUT /updateproduct/5a3679f2-d36b--99c5-c437c844fc22
2025-01-20T12:55:04.517-05:00 DEBUG 58357 --- [SpringFinalProject] [http-nio-8080-exec-6] horizationManagerBeforeMethodInterceptor : Authorizing method invocation ReflectiveMethodInvocation: public org.springframework.http.ResponseEntity com.example.SpringFinalProject.product.ProductController.updateProduct(java.lang.String,com.example.SpringFinalProject.product.model.Product); target is of class [com.example.SpringFinalProject.product.ProductController]
2025-01-20T12:55:04.518-05:00 DEBUG 58357 --- [SpringFinalProject] [http-nio-8080-exec-6] horizationManagerBeforeMethodInterceptor : Authorized method invocation ReflectiveMethodInvocation: public org.springframework.http.ResponseEntity com.example.SpringFinalProject.product.ProductController.updateProduct(java.lang.String,com.example.SpringFinalProject.product.model.Product); target is of class [com.example.SpringFinalProject.product.ProductController]
2025-01-20T12:55:04.518-05:00  INFO 58357 --- [SpringFinalProject] [http-nio-8080-exec-6] c.e.S.p.services.UpdateProductService    : Executing class com.example.SpringFinalProject.product.services.UpdateProductService input: com.example.SpringFinalProject.product.model.UpdateProductCommand@22271ab5
2025-01-20T12:55:04.524-05:00 ERROR 58357 --- [SpringFinalProject] [http-nio-8080-exec-6] c.e.S.e.ProductNotFoundException         : Exception class com.example.SpringFinalProject.exceptions.ProductNotFoundException thrown
2025-01-20T12:55:04.526-05:00 DEBUG 58357 --- [SpringFinalProject] [http-nio-8080-exec-6] o.s.security.web.FilterChainProxy        : Securing PUT /error
2025-01-20T12:55:04.528-05:00 DEBUG 58357 --- [SpringFinalProject] [http-nio-8080-exec-6] o.s.security.web.FilterChainProxy        : Secured PUT /error
2025-01-20T12:55:04.531-05:00 DEBUG 58357 --- [SpringFinalProject] [http-nio-8080-exec-6] o.s.s.w.a.AnonymousAuthenticationFilter  : Set SecurityContextHolder to anonymous SecurityContext
2025-01-20T12:55:04.903-05:00 DEBUG 58357 --- [SpringFinalProject] [http-nio-8080-exec-7] o.s.security.web.FilterChainProxy        : Securing PUT /updateproduct/5a3679f2-d36b--99c5-c437c844fc22
2025-01-20T12:55:04.906-05:00 DEBUG 58357 --- [SpringFinalProject] [http-nio-8080-exec-7] o.s.security.web.FilterChainProxy        : Secured PUT /updateproduct/5a3679f2-d36b--99c5-c437c844fc22
2025-01-20T12:55:04.908-05:00 DEBUG 58357 --- [SpringFinalProject] [http-nio-8080-exec-7] horizationManagerBeforeMethodInterceptor : Authorizing method invocation ReflectiveMethodInvocation: public org.springframework.http.ResponseEntity com.example.SpringFinalProject.product.ProductController.updateProduct(java.lang.String,com.example.SpringFinalProject.product.model.Product); target is of class [com.example.SpringFinalProject.product.ProductController]
2025-01-20T12:55:04.909-05:00 DEBUG 58357 --- [SpringFinalProject] [http-nio-8080-exec-7] horizationManagerBeforeMethodInterceptor : Authorized method invocation ReflectiveMethodInvocation: public org.springframework.http.ResponseEntity com.example.SpringFinalProject.product.ProductController.updateProduct(java.lang.String,com.example.SpringFinalProject.product.model.Product); target is of class [com.example.SpringFinalProject.product.ProductController]
2025-01-20T12:55:04.909-05:00  INFO 58357 --- [SpringFinalProject] [http-nio-8080-exec-7] c.e.S.p.services.UpdateProductService    : Executing class com.example.SpringFinalProject.product.services.UpdateProductService input: com.example.SpringFinalProject.product.model.UpdateProductCommand@42f89b71
2025-01-20T12:55:04.914-05:00 ERROR 58357 --- [SpringFinalProject] [http-nio-8080-exec-7] c.e.S.e.ProductNotFoundException         : Exception class com.example.SpringFinalProject.exceptions.ProductNotFoundException thrown
2025-01-20T12:55:04.917-05:00 DEBUG 58357 --- [SpringFinalProject] [http-nio-8080-exec-7] o.s.security.web.FilterChainProxy        : Securing PUT /error
2025-01-20T12:55:04.918-05:00 DEBUG 58357 --- [SpringFinalProject] [http-nio-8080-exec-7] o.s.security.web.FilterChainProxy        : Secured PUT /error
2025-01-20T12:55:04.921-05:00 DEBUG 58357 --- [SpringFinalProject] [http-nio-8080-exec-7] o.s.s.w.a.AnonymousAuthenticationFilter  : Set SecurityContextHolder to anonymous SecurityContext
2025-01-20T12:55:08.123-05:00 DEBUG 58357 --- [SpringFinalProject] [http-nio-8080-exec-8] o.s.security.web.FilterChainProxy        : Securing POST /userlogin
2025-01-20T12:55:08.126-05:00 DEBUG 58357 --- [SpringFinalProject] [http-nio-8080-exec-8] o.s.security.web.FilterChainProxy        : Secured POST /userlogin
2025-01-20T12:55:08.341-05:00 DEBUG 58357 --- [SpringFinalProject] [http-nio-8080-exec-8] o.s.s.a.dao.DaoAuthenticationProvider    : Authenticated user
2025-01-20T12:55:08.342-05:00 DEBUG 58357 --- [SpringFinalProject] [http-nio-8080-exec-8] o.s.s.w.a.AnonymousAuthenticationFilter  : Set SecurityContextHolder to anonymous SecurityContext
2025-01-20T12:55:14.256-05:00 DEBUG 58357 --- [SpringFinalProject] [http-nio-8080-exec-9] o.s.security.web.FilterChainProxy        : Securing PUT /updateproduct/5a3679f2-d36b--99c5-c437c844fc22
2025-01-20T12:55:14.261-05:00 DEBUG 58357 --- [SpringFinalProject] [http-nio-8080-exec-9] o.s.security.web.FilterChainProxy        : Secured PUT /updateproduct/5a3679f2-d36b--99c5-c437c844fc22
2025-01-20T12:55:14.264-05:00 DEBUG 58357 --- [SpringFinalProject] [http-nio-8080-exec-9] horizationManagerBeforeMethodInterceptor : Authorizing method invocation ReflectiveMethodInvocation: public org.springframework.http.ResponseEntity com.example.SpringFinalProject.product.ProductController.updateProduct(java.lang.String,com.example.SpringFinalProject.product.model.Product); target is of class [com.example.SpringFinalProject.product.ProductController]
2025-01-20T12:55:14.264-05:00 DEBUG 58357 --- [SpringFinalProject] [http-nio-8080-exec-9] horizationManagerBeforeMethodInterceptor : Authorized method invocation ReflectiveMethodInvocation: public org.springframework.http.ResponseEntity com.example.SpringFinalProject.product.ProductController.updateProduct(java.lang.String,com.example.SpringFinalProject.product.model.Product); target is of class [com.example.SpringFinalProject.product.ProductController]
2025-01-20T12:55:14.265-05:00  INFO 58357 --- [SpringFinalProject] [http-nio-8080-exec-9] c.e.S.p.services.UpdateProductService    : Executing class com.example.SpringFinalProject.product.services.UpdateProductService input: com.example.SpringFinalProject.product.model.UpdateProductCommand@3d97a518
2025-01-20T12:55:14.271-05:00 ERROR 58357 --- [SpringFinalProject] [http-nio-8080-exec-9] c.e.S.e.ProductNotFoundException         : Exception class com.example.SpringFinalProject.exceptions.ProductNotFoundException thrown
2025-01-20T12:55:14.274-05:00 DEBUG 58357 --- [SpringFinalProject] [http-nio-8080-exec-9] o.s.security.web.FilterChainProxy        : Securing PUT /error
2025-01-20T12:55:14.275-05:00 DEBUG 58357 --- [SpringFinalProject] [http-nio-8080-exec-9] o.s.security.web.FilterChainProxy        : Secured PUT /error
2025-01-20T12:55:14.278-05:00 DEBUG 58357 --- [SpringFinalProject] [http-nio-8080-exec-9] o.s.s.w.a.AnonymousAuthenticationFilter  : Set SecurityContextHolder to anonymous SecurityContext
2025-01-20T12:55:15.140-05:00 DEBUG 58357 --- [SpringFinalProject] [http-nio-8080-exec-10] o.s.security.web.FilterChainProxy        : Securing PUT /updateproduct/5a3679f2-d36b--99c5-c437c844fc22
2025-01-20T12:55:15.145-05:00 DEBUG 58357 --- [SpringFinalProject] [http-nio-8080-exec-10] o.s.security.web.FilterChainProxy        : Secured PUT /updateproduct/5a3679f2-d36b--99c5-c437c844fc22
2025-01-20T12:55:15.147-05:00 DEBUG 58357 --- [SpringFinalProject] [http-nio-8080-exec-10] horizationManagerBeforeMethodInterceptor : Authorizing method invocation ReflectiveMethodInvocation: public org.springframework.http.ResponseEntity com.example.SpringFinalProject.product.ProductController.updateProduct(java.lang.String,com.example.SpringFinalProject.product.model.Product); target is of class [com.example.SpringFinalProject.product.ProductController]
2025-01-20T12:55:15.148-05:00 DEBUG 58357 --- [SpringFinalProject] [http-nio-8080-exec-10] horizationManagerBeforeMethodInterceptor : Authorized method invocation ReflectiveMethodInvocation: public org.springframework.http.ResponseEntity com.example.SpringFinalProject.product.ProductController.updateProduct(java.lang.String,com.example.SpringFinalProject.product.model.Product); target is of class [com.example.SpringFinalProject.product.ProductController]
2025-01-20T12:55:15.149-05:00  INFO 58357 --- [SpringFinalProject] [http-nio-8080-exec-10] c.e.S.p.services.UpdateProductService    : Executing class com.example.SpringFinalProject.product.services.UpdateProductService input: com.example.SpringFinalProject.product.model.UpdateProductCommand@43499939
2025-01-20T12:55:15.152-05:00 ERROR 58357 --- [SpringFinalProject] [http-nio-8080-exec-10] c.e.S.e.ProductNotFoundException         : Exception class com.example.SpringFinalProject.exceptions.ProductNotFoundException thrown
2025-01-20T12:55:15.155-05:00 DEBUG 58357 --- [SpringFinalProject] [http-nio-8080-exec-10] o.s.security.web.FilterChainProxy        : Securing PUT /error
2025-01-20T12:55:15.156-05:00 DEBUG 58357 --- [SpringFinalProject] [http-nio-8080-exec-10] o.s.security.web.FilterChainProxy        : Secured PUT /error
2025-01-20T12:55:15.158-05:00 DEBUG 58357 --- [SpringFinalProject] [http-nio-8080-exec-10] o.s.s.w.a.AnonymousAuthenticationFilter  : Set SecurityContextHolder to anonymous SecurityContext
2025-01-20T12:55:22.936-05:00 DEBUG 58357 --- [SpringFinalProject] [http-nio-8080-exec-2] o.s.security.web.FilterChainProxy        : Securing DELETE /deleteproduct/22eacb72-851e-408c-8afe-6cf77bf2eaf8
2025-01-20T12:55:22.939-05:00 DEBUG 58357 --- [SpringFinalProject] [http-nio-8080-exec-2] o.s.security.web.FilterChainProxy        : Secured DELETE /deleteproduct/22eacb72-851e-408c-8afe-6cf77bf2eaf8
2025-01-20T12:55:22.941-05:00 DEBUG 58357 --- [SpringFinalProject] [http-nio-8080-exec-2] horizationManagerBeforeMethodInterceptor : Authorizing method invocation ReflectiveMethodInvocation: public org.springframework.http.ResponseEntity com.example.SpringFinalProject.product.ProductController.deleteProduct(java.lang.String); target is of class [com.example.SpringFinalProject.product.ProductController]
2025-01-20T12:55:22.943-05:00 DEBUG 58357 --- [SpringFinalProject] [http-nio-8080-exec-2] horizationManagerBeforeMethodInterceptor : Authorized method invocation ReflectiveMethodInvocation: public org.springframework.http.ResponseEntity com.example.SpringFinalProject.product.ProductController.deleteProduct(java.lang.String); target is of class [com.example.SpringFinalProject.product.ProductController]
2025-01-20T12:55:22.944-05:00  INFO 58357 --- [SpringFinalProject] [http-nio-8080-exec-2] c.e.S.p.services.DeleteProductService    : Executing class com.example.SpringFinalProject.product.services.DeleteProductService input: 22eacb72-851e-408c-8afe-6cf77bf2eaf8
2025-01-20T12:55:22.949-05:00 ERROR 58357 --- [SpringFinalProject] [http-nio-8080-exec-2] c.e.S.e.ProductNotFoundException         : Exception class com.example.SpringFinalProject.exceptions.ProductNotFoundException thrown
2025-01-20T12:55:22.952-05:00 DEBUG 58357 --- [SpringFinalProject] [http-nio-8080-exec-2] o.s.security.web.FilterChainProxy        : Securing DELETE /error
2025-01-20T12:55:22.953-05:00 DEBUG 58357 --- [SpringFinalProject] [http-nio-8080-exec-2] o.s.security.web.FilterChainProxy        : Secured DELETE /error
2025-01-20T12:55:22.955-05:00 DEBUG 58357 --- [SpringFinalProject] [http-nio-8080-exec-2] o.s.s.w.a.AnonymousAuthenticationFilter  : Set SecurityContextHolder to anonymous SecurityContext
2025-01-20T12:55:26.129-05:00  INFO 58357 --- [SpringFinalProject] [SpringApplicationShutdownHook] o.s.b.w.e.tomcat.GracefulShutdown        : Commencing graceful shutdown. Waiting for active requests to complete
2025-01-20T12:55:26.132-05:00  INFO 58357 --- [SpringFinalProject] [tomcat-shutdown] o.s.b.w.e.tomcat.GracefulShutdown        : Graceful shutdown complete
2025-01-20T12:55:26.139-05:00  INFO 58357 --- [SpringFinalProject] [SpringApplicationShutdownHook] j.LocalContainerEntityManagerFactoryBean : Closing JPA EntityManagerFactory for persistence unit 'default'
2025-01-20T12:55:26.142-05:00  INFO 58357 --- [SpringFinalProject] [SpringApplicationShutdownHook] com.zaxxer.hikari.HikariDataSource       : HikariPool-1 - Shutdown initiated...
2025-01-20T12:55:26.149-05:00  INFO 58357 --- [SpringFinalProject] [SpringApplicationShutdownHook] com.zaxxer.hikari.HikariDataSource       : HikariPool-1 - Shutdown completed.
